[debug] [2022-08-20T20:01:48.536Z] ----------------------------------------------------------------------
[debug] [2022-08-20T20:01:48.539Z] Command:       C:\Program Files\nodejs16\node.exe C:\Users\Mirch\AppData\Roaming\npm\node_modules\firebase-tools\lib\bin\firebase.js emulators:start --only functions
[debug] [2022-08-20T20:01:48.540Z] CLI Version:   11.7.0
[debug] [2022-08-20T20:01:48.540Z] Platform:      win32
[debug] [2022-08-20T20:01:48.541Z] Node Version:  v16.16.0
[debug] [2022-08-20T20:01:48.542Z] Time:          Sat Aug 20 2022 15:01:48 GMT-0500 (Central Daylight Time)
[debug] [2022-08-20T20:01:48.543Z] ----------------------------------------------------------------------
[debug] 
[debug] [2022-08-20T20:01:48.662Z] > command requires scopes: ["email","openid","https://www.googleapis.com/auth/cloudplatformprojects.readonly","https://www.googleapis.com/auth/firebase","https://www.googleapis.com/auth/cloud-platform"]
[debug] [2022-08-20T20:01:48.662Z] > authorizing via signed-in user (mirchoellebadu@gmail.com)
[info] i  emulators: Starting emulators: functions {"metadata":{"emulator":{"name":"hub"},"message":"Starting emulators: functions"}}
[debug] [2022-08-20T20:01:48.698Z] [hub] writing locator at C:\Users\Mirch\AppData\Local\Temp\hub-americanairlinessuite.json
[warn] !  functions: The following emulators are not running, calls to these services from the Functions emulator will affect production: auth, firestore, database, hosting, pubsub, storage, eventarc {"metadata":{"emulator":{"name":"functions"},"message":"The following emulators are not running, calls to these services from the Functions emulator will affect production: \u001b[1mauth, firestore, database, hosting, pubsub, storage, eventarc\u001b[22m"}}
[info] +  functions: Using node@16 from host. {"metadata":{"emulator":{"name":"functions"},"message":"Using node@16 from host."}}
[debug] [2022-08-20T20:01:48.772Z] defaultcredentials: writing to file C:\Users\Mirch\AppData\Roaming\firebase\mirchoellebadu_gmail_com_application_default_credentials.json
[debug] [2022-08-20T20:01:48.782Z] Setting GAC to C:\Users\Mirch\AppData\Roaming\firebase\mirchoellebadu_gmail_com_application_default_credentials.json {"metadata":{"emulator":{"name":"functions"},"message":"Setting GAC to C:\\Users\\Mirch\\AppData\\Roaming\\firebase\\mirchoellebadu_gmail_com_application_default_credentials.json"}}
[debug] [2022-08-20T20:01:48.787Z] >>> [apiv2][query] GET https://firebase.googleapis.com/v1beta1/projects/americanairlinessuite/adminSdkConfig [none]
[debug] [2022-08-20T20:01:49.097Z] <<< [apiv2][status] GET https://firebase.googleapis.com/v1beta1/projects/americanairlinessuite/adminSdkConfig 200
[debug] [2022-08-20T20:01:49.097Z] <<< [apiv2][body] GET https://firebase.googleapis.com/v1beta1/projects/americanairlinessuite/adminSdkConfig {"projectId":"americanairlinessuite","storageBucket":"americanairlinessuite.appspot.com","locationId":"us-central"}
[info] i  ui: downloading ui-v1.9.0.zip... {"metadata":{"emulator":{"name":"ui"},"message":"downloading ui-v1.9.0.zip..."}}
[debug] [2022-08-20T20:01:49.136Z] >>> [apiv2][query] GET https://storage.googleapis.com/firebase-preview-drop/emulator/ui-v1.9.0.zip 
[debug] [2022-08-20T20:01:49.299Z] <<< [apiv2][status] GET https://storage.googleapis.com/firebase-preview-drop/emulator/ui-v1.9.0.zip 200
[debug] [2022-08-20T20:01:49.299Z] <<< [apiv2][body] GET https://storage.googleapis.com/firebase-preview-drop/emulator/ui-v1.9.0.zip [stream]
[info] i  ui: Removing outdated emulator files: ui-v1.7.0 {"metadata":{"emulator":{"name":"ui"},"message":"Removing outdated emulator files: ui-v1.7.0"}}
[info] i  ui: Removing outdated emulator files: ui-v1.7.0.zip {"metadata":{"emulator":{"name":"ui"},"message":"Removing outdated emulator files: ui-v1.7.0.zip"}}
[debug] [2022-08-20T20:01:50.348Z] Ignoring unsupported arg: auto_download {"metadata":{"emulator":{"name":"ui"},"message":"Ignoring unsupported arg: auto_download"}}
[debug] [2022-08-20T20:01:50.349Z] Ignoring unsupported arg: port {"metadata":{"emulator":{"name":"ui"},"message":"Ignoring unsupported arg: port"}}
[debug] [2022-08-20T20:01:50.349Z] Starting Emulator UI with command {"binary":"node","args":["C:\\Users\\Mirch\\.cache\\firebase\\emulators\\ui-v1.9.0\\server\\server.js"],"optionalArgs":[],"joinArgs":false} {"metadata":{"emulator":{"name":"ui"},"message":"Starting Emulator UI with command {\"binary\":\"node\",\"args\":[\"C:\\\\Users\\\\Mirch\\\\.cache\\\\firebase\\\\emulators\\\\ui-v1.9.0\\\\server\\\\server.js\"],\"optionalArgs\":[],\"joinArgs\":false}"}}
[info] i  ui: Emulator UI logging to ui-debug.log {"metadata":{"emulator":{"name":"ui"},"message":"Emulator UI logging to \u001b[1mui-debug.log\u001b[22m"}}
[debug] [2022-08-20T20:01:50.982Z] Web / API server started at localhost:4000
 {"metadata":{"emulator":{"name":"ui"},"message":"Web / API server started at localhost:4000\n"}}
[info] i  functions: Watching "C:\Users\Mirch\OneDrive\Desktop\May8\SeatSeating\TicketBooking\app\functions" for Cloud Functions... {"metadata":{"emulator":{"name":"functions"},"message":"Watching \"C:\\Users\\Mirch\\OneDrive\\Desktop\\May8\\SeatSeating\\TicketBooking\\app\\functions\" for Cloud Functions..."}}
[debug] [2022-08-20T20:01:51.157Z] Validating nodejs source
[debug] [2022-08-20T20:01:55.119Z] > [functions] package.json contents: {
  "name": "functions",
  "description": "Cloud Functions for Firebase",
  "scripts": {
    "serve": "firebase emulators:start --only functions",
    "shell": "firebase functions:shell",
    "start": "npm run shell",
    "deploy": "firebase deploy --only functions",
    "logs": "firebase functions:log"
  },
  "engines": {
    "node": "16"
  },
  "main": "index.js",
  "dependencies": {
    "cors": "^2.8.5",
    "express": "^4.18.1",
    "firebase-admin": "^10.0.2",
    "firebase-functions": "^3.18.0"
  },
  "devDependencies": {
    "firebase-functions-test": "^0.2.0"
  },
  "private": true
}
[debug] [2022-08-20T20:01:55.120Z] Building nodejs source
[debug] [2022-08-20T20:01:55.120Z] Analyzing nodejs backend spec
[debug] [2022-08-20T20:01:55.121Z] Could not find functions.yaml. Must use http discovery
[debug] [2022-08-20T20:01:56.793Z] Serving at port 9005

[debug] [2022-08-20T20:01:57.301Z] Got response from /__/functions.yaml {"endpoints":{"helloWorld":{"platform":"gcfv1","httpsTrigger":{},"entryPoint":"helloWorld"},"app":{"platform":"gcfv1","httpsTrigger":{},"entryPoint":"app"}},"specVersion":"v1alpha1","requiredAPIs":[]}
[debug] [2022-08-20T20:01:57.311Z] shutdown requested via /__/quitquitquit

[info] +  functions: Loaded functions definitions from source: helloWorld, app. {"metadata":{"emulator":{"name":"functions"},"message":"Loaded functions definitions from source: helloWorld, app."}}
[info] +  functions[us-central1-helloWorld]: http function initialized (http://localhost:5001/americanairlinessuite/us-central1/helloWorld). {"metadata":{"emulator":{"name":"functions"},"message":"\u001b[1mhttp\u001b[22m function initialized (http://localhost:5001/americanairlinessuite/us-central1/helloWorld)."}}
[info] +  functions[us-central1-app]: http function initialized (http://localhost:5001/americanairlinessuite/us-central1/app). {"metadata":{"emulator":{"name":"functions"},"message":"\u001b[1mhttp\u001b[22m function initialized (http://localhost:5001/americanairlinessuite/us-central1/app)."}}
[info] 
┌─────────────────────────────────────────────────────────────┐
│ ✔  All emulators ready! It is now safe to connect your app. │
│ i  View Emulator UI at http://localhost:4000                │
└─────────────────────────────────────────────────────────────┘

┌───────────┬────────────────┬─────────────────────────────────┐
│ Emulator  │ Host:Port      │ View in Emulator UI             │
├───────────┼────────────────┼─────────────────────────────────┤
│ Functions │ localhost:5001 │ http://localhost:4000/functions │
└───────────┴────────────────┴─────────────────────────────────┘
  Emulator Hub running at localhost:4400
  Other reserved ports: 4500

Issues? Report them at https://github.com/firebase/firebase-tools/issues and attach the *-debug.log files.
 
[debug] [2022-08-20T20:02:10.049Z] [work-queue] {"queueLength":1,"workRunningCount":0}
[debug] [2022-08-20T20:02:10.049Z] [work-queue] {"queueLength":0,"workRunningCount":1}
[debug] [2022-08-20T20:02:10.053Z] [work-queue] {"queueLength":0,"workRunningCount":0}
[debug] [2022-08-20T20:02:10.211Z] Functions emulator received unknown request at path /favicon.ico
[debug] [2022-08-20T20:02:18.636Z] [work-queue] {"queueLength":1,"workRunningCount":0}
[debug] [2022-08-20T20:02:18.637Z] [work-queue] {"queueLength":0,"workRunningCount":1}
[debug] [2022-08-20T20:02:18.637Z] Accepted request GET /americanairlinessuite/us-central1/app --> us-central1-app
[debug] [2022-08-20T20:02:18.650Z] [worker-pool] addWorker(us-central1-app) {"metadata":{"emulator":{"name":"functions"},"message":"[worker-pool] addWorker(us-central1-app)"}}
[debug] [2022-08-20T20:02:18.651Z] [worker-pool] Adding worker with key us-central1-app, total=1 {"metadata":{"emulator":{"name":"functions"},"message":"[worker-pool] Adding worker with key us-central1-app, total=1"}}
[debug] [2022-08-20T20:02:18.651Z] [worker-pool] submitWork(triggerId=us-central1-app) {"metadata":{"emulator":{"name":"functions"},"message":"[worker-pool] submitWork(triggerId=us-central1-app)"}}
[debug] [2022-08-20T20:02:18.651Z] [worker-us-central1-app-ab9ed72e-2f37-4d8a-aad4-01f11da4a974]: BUSY {"metadata":{"emulator":{"name":"functions"},"message":"[worker-us-central1-app-ab9ed72e-2f37-4d8a-aad4-01f11da4a974]: BUSY"}}
[debug] [2022-08-20T20:02:20.324Z] [runtime-status] [9436] Resolved module firebase-admin {"declared":true,"installed":true,"version":"10.3.0","resolution":"C:\\Users\\Mirch\\OneDrive\\Desktop\\May8\\SeatSeating\\TicketBooking\\app\\functions\\node_modules\\firebase-admin\\lib\\index.js"} {"metadata":{"emulator":{"name":"functions"},"function":{"name":"us-central1-app"},"extension":{},"message":"[runtime-status] [9436] Resolved module firebase-admin {\"declared\":true,\"installed\":true,\"version\":\"10.3.0\",\"resolution\":\"C:\\\\Users\\\\Mirch\\\\OneDrive\\\\Desktop\\\\May8\\\\SeatSeating\\\\TicketBooking\\\\app\\\\functions\\\\node_modules\\\\firebase-admin\\\\lib\\\\index.js\"}"}}
[debug] [2022-08-20T20:02:20.325Z] [runtime-status] [9436] Resolved module firebase-functions {"declared":true,"installed":true,"version":"3.22.0","resolution":"C:\\Users\\Mirch\\OneDrive\\Desktop\\May8\\SeatSeating\\TicketBooking\\app\\functions\\node_modules\\firebase-functions\\lib\\index.js"} {"metadata":{"emulator":{"name":"functions"},"function":{"name":"us-central1-app"},"extension":{},"message":"[runtime-status] [9436] Resolved module firebase-functions {\"declared\":true,\"installed\":true,\"version\":\"3.22.0\",\"resolution\":\"C:\\\\Users\\\\Mirch\\\\OneDrive\\\\Desktop\\\\May8\\\\SeatSeating\\\\TicketBooking\\\\app\\\\functions\\\\node_modules\\\\firebase-functions\\\\lib\\\\index.js\"}"}}
[debug] [2022-08-20T20:02:20.326Z] [runtime-status] [9436] Outgoing network have been stubbed. [{"name":"http","status":"mocked"},{"name":"http","status":"mocked"},{"name":"https","status":"mocked"},{"name":"https","status":"mocked"},{"name":"net","status":"mocked"}] {"metadata":{"emulator":{"name":"functions"},"function":{"name":"us-central1-app"},"extension":{},"message":"[runtime-status] [9436] Outgoing network have been stubbed. [{\"name\":\"http\",\"status\":\"mocked\"},{\"name\":\"http\",\"status\":\"mocked\"},{\"name\":\"https\",\"status\":\"mocked\"},{\"name\":\"https\",\"status\":\"mocked\"},{\"name\":\"net\",\"status\":\"mocked\"}]"}}
[debug] [2022-08-20T20:02:20.327Z] [runtime-status] [9436] Resolved module firebase-functions {"declared":true,"installed":true,"version":"3.22.0","resolution":"C:\\Users\\Mirch\\OneDrive\\Desktop\\May8\\SeatSeating\\TicketBooking\\app\\functions\\node_modules\\firebase-functions\\lib\\index.js"} {"metadata":{"emulator":{"name":"functions"},"function":{"name":"us-central1-app"},"extension":{},"message":"[runtime-status] [9436] Resolved module firebase-functions {\"declared\":true,\"installed\":true,\"version\":\"3.22.0\",\"resolution\":\"C:\\\\Users\\\\Mirch\\\\OneDrive\\\\Desktop\\\\May8\\\\SeatSeating\\\\TicketBooking\\\\app\\\\functions\\\\node_modules\\\\firebase-functions\\\\lib\\\\index.js\"}"}}
[debug] [2022-08-20T20:02:20.400Z] [runtime-status] [9436] Checked functions.config() {"config":{}} {"metadata":{"emulator":{"name":"functions"},"function":{"name":"us-central1-app"},"extension":{},"message":"[runtime-status] [9436] Checked functions.config() {\"config\":{}}"}}
[debug] [2022-08-20T20:02:20.400Z] [runtime-status] [9436] firebase-functions has been stubbed. {"functionsResolution":{"declared":true,"installed":true,"version":"3.22.0","resolution":"C:\\Users\\Mirch\\OneDrive\\Desktop\\May8\\SeatSeating\\TicketBooking\\app\\functions\\node_modules\\firebase-functions\\lib\\index.js"}} {"metadata":{"emulator":{"name":"functions"},"function":{"name":"us-central1-app"},"extension":{},"message":"[runtime-status] [9436] firebase-functions has been stubbed. {\"functionsResolution\":{\"declared\":true,\"installed\":true,\"version\":\"3.22.0\",\"resolution\":\"C:\\\\Users\\\\Mirch\\\\OneDrive\\\\Desktop\\\\May8\\\\SeatSeating\\\\TicketBooking\\\\app\\\\functions\\\\node_modules\\\\firebase-functions\\\\lib\\\\index.js\"}}"}}
[debug] [2022-08-20T20:02:20.401Z] [runtime-status] [9436] Resolved module firebase-functions {"declared":true,"installed":true,"version":"3.22.0","resolution":"C:\\Users\\Mirch\\OneDrive\\Desktop\\May8\\SeatSeating\\TicketBooking\\app\\functions\\node_modules\\firebase-functions\\lib\\index.js"} {"metadata":{"emulator":{"name":"functions"},"function":{"name":"us-central1-app"},"extension":{},"message":"[runtime-status] [9436] Resolved module firebase-functions {\"declared\":true,\"installed\":true,\"version\":\"3.22.0\",\"resolution\":\"C:\\\\Users\\\\Mirch\\\\OneDrive\\\\Desktop\\\\May8\\\\SeatSeating\\\\TicketBooking\\\\app\\\\functions\\\\node_modules\\\\firebase-functions\\\\lib\\\\index.js\"}"}}
[debug] [2022-08-20T20:02:20.403Z] [runtime-status] [9436] Resolved module firebase-admin {"declared":true,"installed":true,"version":"10.3.0","resolution":"C:\\Users\\Mirch\\OneDrive\\Desktop\\May8\\SeatSeating\\TicketBooking\\app\\functions\\node_modules\\firebase-admin\\lib\\index.js"} {"metadata":{"emulator":{"name":"functions"},"function":{"name":"us-central1-app"},"extension":{},"message":"[runtime-status] [9436] Resolved module firebase-admin {\"declared\":true,\"installed\":true,\"version\":\"10.3.0\",\"resolution\":\"C:\\\\Users\\\\Mirch\\\\OneDrive\\\\Desktop\\\\May8\\\\SeatSeating\\\\TicketBooking\\\\app\\\\functions\\\\node_modules\\\\firebase-admin\\\\lib\\\\index.js\"}"}}
[debug] [2022-08-20T20:02:20.404Z] [runtime-status] [9436] Resolved module firebase-functions {"declared":true,"installed":true,"version":"3.22.0","resolution":"C:\\Users\\Mirch\\OneDrive\\Desktop\\May8\\SeatSeating\\TicketBooking\\app\\functions\\node_modules\\firebase-functions\\lib\\index.js"} {"metadata":{"emulator":{"name":"functions"},"function":{"name":"us-central1-app"},"extension":{},"message":"[runtime-status] [9436] Resolved module firebase-functions {\"declared\":true,\"installed\":true,\"version\":\"3.22.0\",\"resolution\":\"C:\\\\Users\\\\Mirch\\\\OneDrive\\\\Desktop\\\\May8\\\\SeatSeating\\\\TicketBooking\\\\app\\\\functions\\\\node_modules\\\\firebase-functions\\\\lib\\\\index.js\"}"}}
[debug] [2022-08-20T20:02:20.405Z] [runtime-status] [9436] firebase-admin has been stubbed. {"adminResolution":{"declared":true,"installed":true,"version":"10.3.0","resolution":"C:\\Users\\Mirch\\OneDrive\\Desktop\\May8\\SeatSeating\\TicketBooking\\app\\functions\\node_modules\\firebase-admin\\lib\\index.js"}} {"metadata":{"emulator":{"name":"functions"},"function":{"name":"us-central1-app"},"extension":{},"message":"[runtime-status] [9436] firebase-admin has been stubbed. {\"adminResolution\":{\"declared\":true,\"installed\":true,\"version\":\"10.3.0\",\"resolution\":\"C:\\\\Users\\\\Mirch\\\\OneDrive\\\\Desktop\\\\May8\\\\SeatSeating\\\\TicketBooking\\\\app\\\\functions\\\\node_modules\\\\firebase-admin\\\\lib\\\\index.js\"}}"}}
[debug] [2022-08-20T20:02:20.405Z] [runtime-status] [9436] Functions runtime initialized. {"cwd":"C:\\Users\\Mirch\\OneDrive\\Desktop\\May8\\SeatSeating\\TicketBooking\\app\\functions","node_version":"16.16.0"} {"metadata":{"emulator":{"name":"functions"},"function":{"name":"us-central1-app"},"extension":{},"message":"[runtime-status] [9436] Functions runtime initialized. {\"cwd\":\"C:\\\\Users\\\\Mirch\\\\OneDrive\\\\Desktop\\\\May8\\\\SeatSeating\\\\TicketBooking\\\\app\\\\functions\",\"node_version\":\"16.16.0\"}"}}
[debug] [2022-08-20T20:02:20.553Z] [runtime-status] [9436] Beginning invocation function app! {"metadata":{"emulator":{"name":"functions"},"function":{"name":"us-central1-app"},"extension":{},"message":"[runtime-status] [9436] Beginning invocation function app!"}}
[info] i  functions: Beginning execution of "app" {"metadata":{"emulator":{"name":"functions"},"function":{"name":"us-central1-app"},"extension":{},"message":"Beginning execution of \"app\""}}
[debug] [2022-08-20T20:02:20.554Z] [runtime-status] [9436] Running app in signature http {"metadata":{"emulator":{"name":"functions"},"function":{"name":"us-central1-app"},"extension":{},"message":"[runtime-status] [9436] Running app in signature http"}}
[debug] [2022-08-20T20:02:20.561Z] [runtime-status] [9436] Listening to port: \\?\pipe\fire_emu_50213747dd23afe9 {"metadata":{"emulator":{"name":"functions"},"function":{"name":"us-central1-app"},"extension":{},"message":"[runtime-status] [9436] Listening to port: \\\\?\\pipe\\fire_emu_50213747dd23afe9"}}
[debug] [2022-08-20T20:02:20.650Z] [functions] Runtime ready! Sending request! {"metadata":{"emulator":{"name":"functions"},"message":"[functions] Runtime ready! Sending request!"}}
[debug] [2022-08-20T20:02:20.650Z] [functions] Got req.url=/americanairlinessuite/us-central1/app, mapping to path=/ {"metadata":{"emulator":{"name":"functions"},"message":"[functions] Got req.url=/americanairlinessuite/us-central1/app, mapping to path=/"}}
[debug] [2022-08-20T20:02:20.654Z] [runtime-status] [9436] Ephemeral server handling GET request {"metadata":{"emulator":{"name":"functions"},"function":{"name":"us-central1-app"},"extension":{},"message":"[runtime-status] [9436] Ephemeral server handling GET request"}}
[debug] [2022-08-20T20:02:20.659Z] [runtime-status] [9436] Ephemeral server survived. {"metadata":{"emulator":{"name":"functions"},"function":{"name":"us-central1-app"},"extension":{},"message":"[runtime-status] [9436] Ephemeral server survived."}}
[info] i  functions: Finished "app" in ~1s {"metadata":{"emulator":{"name":"functions"},"function":{"name":"us-central1-app"},"extension":{},"message":"Finished \"app\" in ~1s"}}
[debug] [2022-08-20T20:02:20.661Z] [worker-us-central1-app-ab9ed72e-2f37-4d8a-aad4-01f11da4a974]: IDLE {"metadata":{"emulator":{"name":"functions"},"message":"[worker-us-central1-app-ab9ed72e-2f37-4d8a-aad4-01f11da4a974]: IDLE"}}
[debug] [2022-08-20T20:02:20.662Z] [work-queue] {"queueLength":0,"workRunningCount":0}
[debug] [2022-08-20T20:02:49.489Z] File C:\Users\Mirch\OneDrive\Desktop\May8\SeatSeating\TicketBooking\app\functions\index.js changed, reloading triggers {"metadata":{"emulator":{"name":"functions"},"message":"File C:\\Users\\Mirch\\OneDrive\\Desktop\\May8\\SeatSeating\\TicketBooking\\app\\functions\\index.js changed, reloading triggers"}}
[debug] [2022-08-20T20:02:50.501Z] Validating nodejs source
[debug] [2022-08-20T20:02:55.123Z] > [functions] package.json contents: {
  "name": "functions",
  "description": "Cloud Functions for Firebase",
  "scripts": {
    "serve": "firebase emulators:start --only functions",
    "shell": "firebase functions:shell",
    "start": "npm run shell",
    "deploy": "firebase deploy --only functions",
    "logs": "firebase functions:log"
  },
  "engines": {
    "node": "16"
  },
  "main": "index.js",
  "dependencies": {
    "cors": "^2.8.5",
    "express": "^4.18.1",
    "firebase-admin": "^10.0.2",
    "firebase-functions": "^3.18.0"
  },
  "devDependencies": {
    "firebase-functions-test": "^0.2.0"
  },
  "private": true
}
[debug] [2022-08-20T20:02:55.123Z] Building nodejs source
[debug] [2022-08-20T20:02:55.123Z] Analyzing nodejs backend spec
[debug] [2022-08-20T20:02:55.124Z] Could not find functions.yaml. Must use http discovery
[debug] [2022-08-20T20:02:55.637Z] Serving at port 9005

[debug] [2022-08-20T20:02:55.808Z] Got response from /__/functions.yaml {"endpoints":{"helloWorld":{"platform":"gcfv1","httpsTrigger":{},"entryPoint":"helloWorld"},"app":{"platform":"gcfv1","httpsTrigger":{},"entryPoint":"app"}},"specVersion":"v1alpha1","requiredAPIs":[]}
[debug] [2022-08-20T20:02:55.819Z] shutdown requested via /__/quitquitquit

[info] +  functions: Loaded functions definitions from source: helloWorld, app. {"metadata":{"emulator":{"name":"functions"},"message":"Loaded functions definitions from source: helloWorld, app."}}
[debug] [2022-08-20T20:02:55.842Z] [worker-pool] Shutting down IDLE worker (us-central1-app) {"metadata":{"emulator":{"name":"functions"},"message":"[worker-pool] Shutting down IDLE worker (us-central1-app)"}}
[debug] [2022-08-20T20:02:55.842Z] [worker-us-central1-app-ab9ed72e-2f37-4d8a-aad4-01f11da4a974]: FINISHING {"metadata":{"emulator":{"name":"functions"},"message":"[worker-us-central1-app-ab9ed72e-2f37-4d8a-aad4-01f11da4a974]: FINISHING"}}
[debug] [2022-08-20T20:02:55.858Z] [worker-us-central1-app-ab9ed72e-2f37-4d8a-aad4-01f11da4a974]: exited {"metadata":{"emulator":{"name":"functions"},"message":"[worker-us-central1-app-ab9ed72e-2f37-4d8a-aad4-01f11da4a974]: exited"}}
[debug] [2022-08-20T20:02:55.859Z] [worker-us-central1-app-ab9ed72e-2f37-4d8a-aad4-01f11da4a974]: FINISHED {"metadata":{"emulator":{"name":"functions"},"message":"[worker-us-central1-app-ab9ed72e-2f37-4d8a-aad4-01f11da4a974]: FINISHED"}}
[debug] [2022-08-20T20:02:59.566Z] File C:\Users\Mirch\OneDrive\Desktop\May8\SeatSeating\TicketBooking\app\functions\index.js changed, reloading triggers {"metadata":{"emulator":{"name":"functions"},"message":"File C:\\Users\\Mirch\\OneDrive\\Desktop\\May8\\SeatSeating\\TicketBooking\\app\\functions\\index.js changed, reloading triggers"}}
[debug] [2022-08-20T20:03:00.574Z] Validating nodejs source
[debug] [2022-08-20T20:03:03.908Z] > [functions] package.json contents: {
  "name": "functions",
  "description": "Cloud Functions for Firebase",
  "scripts": {
    "serve": "firebase emulators:start --only functions",
    "shell": "firebase functions:shell",
    "start": "npm run shell",
    "deploy": "firebase deploy --only functions",
    "logs": "firebase functions:log"
  },
  "engines": {
    "node": "16"
  },
  "main": "index.js",
  "dependencies": {
    "cors": "^2.8.5",
    "express": "^4.18.1",
    "firebase-admin": "^10.0.2",
    "firebase-functions": "^3.18.0"
  },
  "devDependencies": {
    "firebase-functions-test": "^0.2.0"
  },
  "private": true
}
[debug] [2022-08-20T20:03:03.908Z] Building nodejs source
[debug] [2022-08-20T20:03:03.909Z] Analyzing nodejs backend spec
[debug] [2022-08-20T20:03:03.909Z] Could not find functions.yaml. Must use http discovery
[debug] [2022-08-20T20:03:04.159Z] Serving at port 9005

[debug] [2022-08-20T20:03:04.259Z] Got response from /__/functions.yaml {"endpoints":{"helloWorld":{"platform":"gcfv1","httpsTrigger":{},"entryPoint":"helloWorld"},"app":{"platform":"gcfv1","httpsTrigger":{},"entryPoint":"app"}},"specVersion":"v1alpha1","requiredAPIs":[]}
[debug] [2022-08-20T20:03:04.264Z] shutdown requested via /__/quitquitquit

[info] +  functions: Loaded functions definitions from source: helloWorld, app. {"metadata":{"emulator":{"name":"functions"},"message":"Loaded functions definitions from source: helloWorld, app."}}
[debug] [2022-08-20T20:03:07.960Z] [work-queue] {"queueLength":1,"workRunningCount":0}
[debug] [2022-08-20T20:03:07.960Z] [work-queue] {"queueLength":0,"workRunningCount":1}
[debug] [2022-08-20T20:03:07.960Z] Accepted request GET /americanairlinessuite/us-central1/app/hello-world --> us-central1-app
[debug] [2022-08-20T20:03:07.960Z] [worker-pool] Cleaned up workers for us-central1-app: 1 --> 0 {"metadata":{"emulator":{"name":"functions"},"message":"[worker-pool] Cleaned up workers for us-central1-app: 1 --> 0"}}
[debug] [2022-08-20T20:03:07.966Z] [worker-pool] addWorker(us-central1-app) {"metadata":{"emulator":{"name":"functions"},"message":"[worker-pool] addWorker(us-central1-app)"}}
[debug] [2022-08-20T20:03:07.966Z] [worker-pool] Adding worker with key us-central1-app, total=1 {"metadata":{"emulator":{"name":"functions"},"message":"[worker-pool] Adding worker with key us-central1-app, total=1"}}
[debug] [2022-08-20T20:03:07.966Z] [worker-pool] submitWork(triggerId=us-central1-app) {"metadata":{"emulator":{"name":"functions"},"message":"[worker-pool] submitWork(triggerId=us-central1-app)"}}
[debug] [2022-08-20T20:03:07.966Z] [worker-us-central1-app-4c3a1162-b955-4ddd-adcc-aadcbfee568c]: BUSY {"metadata":{"emulator":{"name":"functions"},"message":"[worker-us-central1-app-4c3a1162-b955-4ddd-adcc-aadcbfee568c]: BUSY"}}
[debug] [2022-08-20T20:03:09.163Z] [runtime-status] [25112] Resolved module firebase-admin {"declared":true,"installed":true,"version":"10.3.0","resolution":"C:\\Users\\Mirch\\OneDrive\\Desktop\\May8\\SeatSeating\\TicketBooking\\app\\functions\\node_modules\\firebase-admin\\lib\\index.js"} {"metadata":{"emulator":{"name":"functions"},"function":{"name":"us-central1-app"},"extension":{},"message":"[runtime-status] [25112] Resolved module firebase-admin {\"declared\":true,\"installed\":true,\"version\":\"10.3.0\",\"resolution\":\"C:\\\\Users\\\\Mirch\\\\OneDrive\\\\Desktop\\\\May8\\\\SeatSeating\\\\TicketBooking\\\\app\\\\functions\\\\node_modules\\\\firebase-admin\\\\lib\\\\index.js\"}"}}
[debug] [2022-08-20T20:03:09.164Z] [runtime-status] [25112] Resolved module firebase-functions {"declared":true,"installed":true,"version":"3.22.0","resolution":"C:\\Users\\Mirch\\OneDrive\\Desktop\\May8\\SeatSeating\\TicketBooking\\app\\functions\\node_modules\\firebase-functions\\lib\\index.js"} {"metadata":{"emulator":{"name":"functions"},"function":{"name":"us-central1-app"},"extension":{},"message":"[runtime-status] [25112] Resolved module firebase-functions {\"declared\":true,\"installed\":true,\"version\":\"3.22.0\",\"resolution\":\"C:\\\\Users\\\\Mirch\\\\OneDrive\\\\Desktop\\\\May8\\\\SeatSeating\\\\TicketBooking\\\\app\\\\functions\\\\node_modules\\\\firebase-functions\\\\lib\\\\index.js\"}"}}
[debug] [2022-08-20T20:03:09.164Z] [runtime-status] [25112] Outgoing network have been stubbed. [{"name":"http","status":"mocked"},{"name":"http","status":"mocked"},{"name":"https","status":"mocked"},{"name":"https","status":"mocked"},{"name":"net","status":"mocked"}] {"metadata":{"emulator":{"name":"functions"},"function":{"name":"us-central1-app"},"extension":{},"message":"[runtime-status] [25112] Outgoing network have been stubbed. [{\"name\":\"http\",\"status\":\"mocked\"},{\"name\":\"http\",\"status\":\"mocked\"},{\"name\":\"https\",\"status\":\"mocked\"},{\"name\":\"https\",\"status\":\"mocked\"},{\"name\":\"net\",\"status\":\"mocked\"}]"}}
[debug] [2022-08-20T20:03:09.165Z] [runtime-status] [25112] Resolved module firebase-functions {"declared":true,"installed":true,"version":"3.22.0","resolution":"C:\\Users\\Mirch\\OneDrive\\Desktop\\May8\\SeatSeating\\TicketBooking\\app\\functions\\node_modules\\firebase-functions\\lib\\index.js"} {"metadata":{"emulator":{"name":"functions"},"function":{"name":"us-central1-app"},"extension":{},"message":"[runtime-status] [25112] Resolved module firebase-functions {\"declared\":true,\"installed\":true,\"version\":\"3.22.0\",\"resolution\":\"C:\\\\Users\\\\Mirch\\\\OneDrive\\\\Desktop\\\\May8\\\\SeatSeating\\\\TicketBooking\\\\app\\\\functions\\\\node_modules\\\\firebase-functions\\\\lib\\\\index.js\"}"}}
[debug] [2022-08-20T20:03:09.215Z] [runtime-status] [25112] Checked functions.config() {"config":{}} {"metadata":{"emulator":{"name":"functions"},"function":{"name":"us-central1-app"},"extension":{},"message":"[runtime-status] [25112] Checked functions.config() {\"config\":{}}"}}
[debug] [2022-08-20T20:03:09.215Z] [runtime-status] [25112] firebase-functions has been stubbed. {"functionsResolution":{"declared":true,"installed":true,"version":"3.22.0","resolution":"C:\\Users\\Mirch\\OneDrive\\Desktop\\May8\\SeatSeating\\TicketBooking\\app\\functions\\node_modules\\firebase-functions\\lib\\index.js"}} {"metadata":{"emulator":{"name":"functions"},"function":{"name":"us-central1-app"},"extension":{},"message":"[runtime-status] [25112] firebase-functions has been stubbed. {\"functionsResolution\":{\"declared\":true,\"installed\":true,\"version\":\"3.22.0\",\"resolution\":\"C:\\\\Users\\\\Mirch\\\\OneDrive\\\\Desktop\\\\May8\\\\SeatSeating\\\\TicketBooking\\\\app\\\\functions\\\\node_modules\\\\firebase-functions\\\\lib\\\\index.js\"}}"}}
[debug] [2022-08-20T20:03:09.216Z] [runtime-status] [25112] Resolved module firebase-functions {"declared":true,"installed":true,"version":"3.22.0","resolution":"C:\\Users\\Mirch\\OneDrive\\Desktop\\May8\\SeatSeating\\TicketBooking\\app\\functions\\node_modules\\firebase-functions\\lib\\index.js"} {"metadata":{"emulator":{"name":"functions"},"function":{"name":"us-central1-app"},"extension":{},"message":"[runtime-status] [25112] Resolved module firebase-functions {\"declared\":true,\"installed\":true,\"version\":\"3.22.0\",\"resolution\":\"C:\\\\Users\\\\Mirch\\\\OneDrive\\\\Desktop\\\\May8\\\\SeatSeating\\\\TicketBooking\\\\app\\\\functions\\\\node_modules\\\\firebase-functions\\\\lib\\\\index.js\"}"}}
[debug] [2022-08-20T20:03:09.218Z] [runtime-status] [25112] Resolved module firebase-admin {"declared":true,"installed":true,"version":"10.3.0","resolution":"C:\\Users\\Mirch\\OneDrive\\Desktop\\May8\\SeatSeating\\TicketBooking\\app\\functions\\node_modules\\firebase-admin\\lib\\index.js"} {"metadata":{"emulator":{"name":"functions"},"function":{"name":"us-central1-app"},"extension":{},"message":"[runtime-status] [25112] Resolved module firebase-admin {\"declared\":true,\"installed\":true,\"version\":\"10.3.0\",\"resolution\":\"C:\\\\Users\\\\Mirch\\\\OneDrive\\\\Desktop\\\\May8\\\\SeatSeating\\\\TicketBooking\\\\app\\\\functions\\\\node_modules\\\\firebase-admin\\\\lib\\\\index.js\"}"}}
[debug] [2022-08-20T20:03:09.218Z] [runtime-status] [25112] Resolved module firebase-functions {"declared":true,"installed":true,"version":"3.22.0","resolution":"C:\\Users\\Mirch\\OneDrive\\Desktop\\May8\\SeatSeating\\TicketBooking\\app\\functions\\node_modules\\firebase-functions\\lib\\index.js"} {"metadata":{"emulator":{"name":"functions"},"function":{"name":"us-central1-app"},"extension":{},"message":"[runtime-status] [25112] Resolved module firebase-functions {\"declared\":true,\"installed\":true,\"version\":\"3.22.0\",\"resolution\":\"C:\\\\Users\\\\Mirch\\\\OneDrive\\\\Desktop\\\\May8\\\\SeatSeating\\\\TicketBooking\\\\app\\\\functions\\\\node_modules\\\\firebase-functions\\\\lib\\\\index.js\"}"}}
[debug] [2022-08-20T20:03:09.218Z] [runtime-status] [25112] firebase-admin has been stubbed. {"adminResolution":{"declared":true,"installed":true,"version":"10.3.0","resolution":"C:\\Users\\Mirch\\OneDrive\\Desktop\\May8\\SeatSeating\\TicketBooking\\app\\functions\\node_modules\\firebase-admin\\lib\\index.js"}} {"metadata":{"emulator":{"name":"functions"},"function":{"name":"us-central1-app"},"extension":{},"message":"[runtime-status] [25112] firebase-admin has been stubbed. {\"adminResolution\":{\"declared\":true,\"installed\":true,\"version\":\"10.3.0\",\"resolution\":\"C:\\\\Users\\\\Mirch\\\\OneDrive\\\\Desktop\\\\May8\\\\SeatSeating\\\\TicketBooking\\\\app\\\\functions\\\\node_modules\\\\firebase-admin\\\\lib\\\\index.js\"}}"}}
[debug] [2022-08-20T20:03:09.219Z] [runtime-status] [25112] Functions runtime initialized. {"cwd":"C:\\Users\\Mirch\\OneDrive\\Desktop\\May8\\SeatSeating\\TicketBooking\\app\\functions","node_version":"16.16.0"} {"metadata":{"emulator":{"name":"functions"},"function":{"name":"us-central1-app"},"extension":{},"message":"[runtime-status] [25112] Functions runtime initialized. {\"cwd\":\"C:\\\\Users\\\\Mirch\\\\OneDrive\\\\Desktop\\\\May8\\\\SeatSeating\\\\TicketBooking\\\\app\\\\functions\",\"node_version\":\"16.16.0\"}"}}
[debug] [2022-08-20T20:03:09.317Z] [runtime-status] [25112] Beginning invocation function app! {"metadata":{"emulator":{"name":"functions"},"function":{"name":"us-central1-app"},"extension":{},"message":"[runtime-status] [25112] Beginning invocation function app!"}}
[info] i  functions: Beginning execution of "app" {"metadata":{"emulator":{"name":"functions"},"function":{"name":"us-central1-app"},"extension":{},"message":"Beginning execution of \"app\""}}
[debug] [2022-08-20T20:03:09.317Z] [runtime-status] [25112] Running app in signature http {"metadata":{"emulator":{"name":"functions"},"function":{"name":"us-central1-app"},"extension":{},"message":"[runtime-status] [25112] Running app in signature http"}}
[debug] [2022-08-20T20:03:09.326Z] [runtime-status] [25112] Listening to port: \\?\pipe\fire_emu_3d4c1050be786140 {"metadata":{"emulator":{"name":"functions"},"function":{"name":"us-central1-app"},"extension":{},"message":"[runtime-status] [25112] Listening to port: \\\\?\\pipe\\fire_emu_3d4c1050be786140"}}
[debug] [2022-08-20T20:03:09.415Z] [functions] Runtime ready! Sending request! {"metadata":{"emulator":{"name":"functions"},"message":"[functions] Runtime ready! Sending request!"}}
[debug] [2022-08-20T20:03:09.415Z] [functions] Got req.url=/americanairlinessuite/us-central1/app/hello-world, mapping to path=/hello-world {"metadata":{"emulator":{"name":"functions"},"message":"[functions] Got req.url=/americanairlinessuite/us-central1/app/hello-world, mapping to path=/hello-world"}}
[debug] [2022-08-20T20:03:09.416Z] [runtime-status] [25112] Ephemeral server handling GET request {"metadata":{"emulator":{"name":"functions"},"function":{"name":"us-central1-app"},"extension":{},"message":"[runtime-status] [25112] Ephemeral server handling GET request"}}
[debug] [2022-08-20T20:03:09.420Z] [runtime-status] [25112] Ephemeral server survived. {"metadata":{"emulator":{"name":"functions"},"function":{"name":"us-central1-app"},"extension":{},"message":"[runtime-status] [25112] Ephemeral server survived."}}
[info] i  functions: Finished "app" in ~1s {"metadata":{"emulator":{"name":"functions"},"function":{"name":"us-central1-app"},"extension":{},"message":"Finished \"app\" in ~1s"}}
[debug] [2022-08-20T20:03:09.421Z] [worker-us-central1-app-4c3a1162-b955-4ddd-adcc-aadcbfee568c]: IDLE {"metadata":{"emulator":{"name":"functions"},"message":"[worker-us-central1-app-4c3a1162-b955-4ddd-adcc-aadcbfee568c]: IDLE"}}
[debug] [2022-08-20T20:03:09.421Z] [work-queue] {"queueLength":0,"workRunningCount":0}
[debug] [2022-08-20T20:04:20.134Z] [work-queue] {"queueLength":1,"workRunningCount":0}
[debug] [2022-08-20T20:04:20.134Z] [work-queue] {"queueLength":0,"workRunningCount":1}
[debug] [2022-08-20T20:04:20.135Z] Accepted request GET /americanairlinessuite/us-central1/app/hello-world --> us-central1-app
[debug] [2022-08-20T20:04:20.135Z] [worker-pool] submitWork(triggerId=us-central1-app) {"metadata":{"emulator":{"name":"functions"},"message":"[worker-pool] submitWork(triggerId=us-central1-app)"}}
[debug] [2022-08-20T20:04:20.135Z] [worker-us-central1-app-4c3a1162-b955-4ddd-adcc-aadcbfee568c]: BUSY {"metadata":{"emulator":{"name":"functions"},"message":"[worker-us-central1-app-4c3a1162-b955-4ddd-adcc-aadcbfee568c]: BUSY"}}
[debug] [2022-08-20T20:04:20.136Z] [runtime-status] [25112] Beginning invocation function app! {"metadata":{"emulator":{"name":"functions"},"function":{"name":"us-central1-app"},"extension":{},"message":"[runtime-status] [25112] Beginning invocation function app!"}}
[info] i  functions: Beginning execution of "app" {"metadata":{"emulator":{"name":"functions"},"function":{"name":"us-central1-app"},"extension":{},"message":"Beginning execution of \"app\""}}
[debug] [2022-08-20T20:04:20.136Z] [runtime-status] [25112] Running app in signature http {"metadata":{"emulator":{"name":"functions"},"function":{"name":"us-central1-app"},"extension":{},"message":"[runtime-status] [25112] Running app in signature http"}}
[debug] [2022-08-20T20:04:20.137Z] [runtime-status] [25112] Listening to port: \\?\pipe\fire_emu_3d4c1050be786140 {"metadata":{"emulator":{"name":"functions"},"function":{"name":"us-central1-app"},"extension":{},"message":"[runtime-status] [25112] Listening to port: \\\\?\\pipe\\fire_emu_3d4c1050be786140"}}
[debug] [2022-08-20T20:04:20.254Z] [functions] Runtime ready! Sending request! {"metadata":{"emulator":{"name":"functions"},"message":"[functions] Runtime ready! Sending request!"}}
[debug] [2022-08-20T20:04:20.254Z] [functions] Got req.url=/americanairlinessuite/us-central1/app/hello-world, mapping to path=/hello-world {"metadata":{"emulator":{"name":"functions"},"message":"[functions] Got req.url=/americanairlinessuite/us-central1/app/hello-world, mapping to path=/hello-world"}}
[debug] [2022-08-20T20:04:20.256Z] [runtime-status] [25112] Ephemeral server handling GET request {"metadata":{"emulator":{"name":"functions"},"function":{"name":"us-central1-app"},"extension":{},"message":"[runtime-status] [25112] Ephemeral server handling GET request"}}
[debug] [2022-08-20T20:04:20.257Z] [runtime-status] [25112] Ephemeral server survived. {"metadata":{"emulator":{"name":"functions"},"function":{"name":"us-central1-app"},"extension":{},"message":"[runtime-status] [25112] Ephemeral server survived."}}
[info] i  functions: Finished "app" in ~1s {"metadata":{"emulator":{"name":"functions"},"function":{"name":"us-central1-app"},"extension":{},"message":"Finished \"app\" in ~1s"}}
[debug] [2022-08-20T20:04:20.258Z] [worker-us-central1-app-4c3a1162-b955-4ddd-adcc-aadcbfee568c]: IDLE {"metadata":{"emulator":{"name":"functions"},"message":"[worker-us-central1-app-4c3a1162-b955-4ddd-adcc-aadcbfee568c]: IDLE"}}
[debug] [2022-08-20T20:04:20.258Z] [work-queue] {"queueLength":0,"workRunningCount":0}
[debug] [2022-08-21T17:19:55.774Z] File C:\Users\Mirch\OneDrive\Desktop\May8\SeatSeating\TicketBooking\app\functions\index.js changed, reloading triggers {"metadata":{"emulator":{"name":"functions"},"message":"File C:\\Users\\Mirch\\OneDrive\\Desktop\\May8\\SeatSeating\\TicketBooking\\app\\functions\\index.js changed, reloading triggers"}}
[debug] [2022-08-21T17:19:56.800Z] Validating nodejs source
[debug] [2022-08-21T17:20:03.912Z] > [functions] package.json contents: {
  "name": "functions",
  "description": "Cloud Functions for Firebase",
  "scripts": {
    "serve": "firebase emulators:start --only functions",
    "shell": "firebase functions:shell",
    "start": "npm run shell",
    "deploy": "firebase deploy --only functions",
    "logs": "firebase functions:log"
  },
  "engines": {
    "node": "16"
  },
  "main": "index.js",
  "dependencies": {
    "cors": "^2.8.5",
    "express": "^4.18.1",
    "firebase-admin": "^10.0.2",
    "firebase-functions": "^3.18.0"
  },
  "devDependencies": {
    "firebase-functions-test": "^0.2.0"
  },
  "private": true
}
[debug] [2022-08-21T17:20:03.913Z] Building nodejs source
[debug] [2022-08-21T17:20:03.913Z] Analyzing nodejs backend spec
[debug] [2022-08-21T17:20:03.915Z] Could not find functions.yaml. Must use http discovery
[debug] [2022-08-21T17:20:03.948Z] File C:\Users\Mirch\OneDrive\Desktop\May8\SeatSeating\TicketBooking\app\functions\index.js changed, reloading triggers {"metadata":{"emulator":{"name":"functions"},"message":"File C:\\Users\\Mirch\\OneDrive\\Desktop\\May8\\SeatSeating\\TicketBooking\\app\\functions\\index.js changed, reloading triggers"}}
[debug] [2022-08-21T17:20:04.949Z] Validating nodejs source
[debug] [2022-08-21T17:20:08.067Z] > [functions] package.json contents: {
  "name": "functions",
  "description": "Cloud Functions for Firebase",
  "scripts": {
    "serve": "firebase emulators:start --only functions",
    "shell": "firebase functions:shell",
    "start": "npm run shell",
    "deploy": "firebase deploy --only functions",
    "logs": "firebase functions:log"
  },
  "engines": {
    "node": "16"
  },
  "main": "index.js",
  "dependencies": {
    "cors": "^2.8.5",
    "express": "^4.18.1",
    "firebase-admin": "^10.0.2",
    "firebase-functions": "^3.18.0"
  },
  "devDependencies": {
    "firebase-functions-test": "^0.2.0"
  },
  "private": true
}
[debug] [2022-08-21T17:20:08.067Z] Building nodejs source
[debug] [2022-08-21T17:20:08.067Z] Analyzing nodejs backend spec
[debug] [2022-08-21T17:20:08.069Z] Could not find functions.yaml. Must use http discovery
[debug] [2022-08-21T17:20:08.088Z] Serving at port 9005

[debug] [2022-08-21T17:20:08.370Z] Serving at port 9006

[debug] [2022-08-21T17:20:08.768Z] Got response from /__/functions.yaml {"endpoints":{"helloWorld":{"platform":"gcfv1","httpsTrigger":{},"entryPoint":"helloWorld"},"app":{"platform":"gcfv1","httpsTrigger":{},"entryPoint":"app"}},"specVersion":"v1alpha1","requiredAPIs":[]}
[debug] [2022-08-21T17:20:08.770Z] Got response from /__/functions.yaml {"endpoints":{"helloWorld":{"platform":"gcfv1","httpsTrigger":{},"entryPoint":"helloWorld"},"app":{"platform":"gcfv1","httpsTrigger":{},"entryPoint":"app"}},"specVersion":"v1alpha1","requiredAPIs":[]}
[debug] [2022-08-21T17:20:08.773Z] shutdown requested via /__/quitquitquit

[debug] [2022-08-21T17:20:08.775Z] shutdown requested via /__/quitquitquit

[info] +  functions: Loaded functions definitions from source: helloWorld, app. {"metadata":{"emulator":{"name":"functions"},"message":"Loaded functions definitions from source: helloWorld, app."}}
[debug] [2022-08-21T17:20:08.786Z] [worker-pool] Shutting down IDLE worker (us-central1-app) {"metadata":{"emulator":{"name":"functions"},"message":"[worker-pool] Shutting down IDLE worker (us-central1-app)"}}
[debug] [2022-08-21T17:20:08.787Z] [worker-us-central1-app-4c3a1162-b955-4ddd-adcc-aadcbfee568c]: FINISHING {"metadata":{"emulator":{"name":"functions"},"message":"[worker-us-central1-app-4c3a1162-b955-4ddd-adcc-aadcbfee568c]: FINISHING"}}
[info] +  functions: Loaded functions definitions from source: helloWorld, app. {"metadata":{"emulator":{"name":"functions"},"message":"Loaded functions definitions from source: helloWorld, app."}}
[debug] [2022-08-21T17:20:08.792Z] [worker-us-central1-app-4c3a1162-b955-4ddd-adcc-aadcbfee568c]: exited {"metadata":{"emulator":{"name":"functions"},"message":"[worker-us-central1-app-4c3a1162-b955-4ddd-adcc-aadcbfee568c]: exited"}}
[debug] [2022-08-21T17:20:08.792Z] [worker-us-central1-app-4c3a1162-b955-4ddd-adcc-aadcbfee568c]: FINISHED {"metadata":{"emulator":{"name":"functions"},"message":"[worker-us-central1-app-4c3a1162-b955-4ddd-adcc-aadcbfee568c]: FINISHED"}}
[debug] [2022-08-21T17:28:26.446Z] Received signal SIGHUP 1
